<?xml version="1.0" encoding="UTF-8"?>
<!-- Generated by org.testng.reporters.JUnitXMLReporter -->
<testsuite ignored="1" hostname="DESKTOP-SEFJLQC" failures="1" tests="1" name="Default test(failed)" time="0.288" errors="0" timestamp="15 Mar 2022 03:20:46 GMT">
  <testcase classname="Testcases.ImplementListsTC" name="clickImplementList" time="0.132">
    <failure type="java.lang.NullPointerException" message="Cannot invoke &amp;quot;org.openqa.selenium.WebDriver.findElement(org.openqa.selenium.By)&amp;quot; because &amp;quot;driver&amp;quot; is null">
      <![CDATA[java.lang.NullPointerException: Cannot invoke "org.openqa.selenium.WebDriver.findElement(org.openqa.selenium.By)" because "driver" is null
at PageObjects.QueuemodPage.clickImplementLists(QueuemodPage.java:32)
at Testcases.ImplementListsTC.clickImplementList(ImplementListsTC.java:15)
... Removed 25 stack frames]]>
    </failure>
  </testcase> <!-- clickImplementList -->
  <testcase classname="Testcases.QueueTC" name="login" time="0.0">
    <ignored/>
  </testcase> <!-- login -->
</testsuite> <!-- Default test(failed) -->
