<?xml version="1.0" encoding="UTF-8"?>
<!-- Generated by org.testng.reporters.JUnitXMLReporter -->
<testsuite ignored="0" hostname="DESKTOP-SEFJLQC" failures="0" tests="3" name="QueueModule" time="22.4" errors="0" timestamp="18 Apr 2022 19:37:57 GMT">
  <testcase classname="Testcases.Login_PageFactory_TC" name="loginintoQueue" time="1.729"/>
  <testcase classname="Testcases.Queue_PageFactory_TC" name="Queuemodule" time="3.431"/>
  <testcase classname="Testcases.Queuemod_PageObjects_TC" name="login" time="11.563"/>
</testsuite> <!-- QueueModule -->
