<?xml version="1.0" encoding="UTF-8"?>
<testng-results ignored="0" total="2" passed="2" failed="0" skipped="0">
  <reporter-output>
    <line>
      <![CDATA[Taken the Screenshot successfully]]>
    </line>
    <line>
      <![CDATA[You are logged in Numpy Ninja home page]]>
    </line>
    <line>
      <![CDATA[You are logged into Queue page]]>
    </line>
    <line>
      <![CDATA[The Implementation lists page is displayed]]>
    </line>
    <line>
      <![CDATA[Alert OK button is selected using the Accept method successsfully]]>
    </line>
  </reporter-output>
  <suite started-at="2022-05-14T00:19:30Z" name="Default suite" finished-at="2022-05-14T00:19:55Z" duration-ms="24665">
    <groups>
    </groups>
    <test started-at="2022-05-14T00:19:30Z" name="Default test" finished-at="2022-05-14T00:19:55Z" duration-ms="24665">
      <class name="Queue.implementationLists">
        <test-method is-config="true" signature="beforeTest()[pri:0, instance:Queue.implementationLists@4b79ac84]" started-at="2022-05-14T00:19:30Z" name="beforeTest" finished-at="2022-05-14T00:19:34Z" duration-ms="3502" status="PASS">
          <reporter-output>
          </reporter-output>
        </test-method> <!-- beforeTest -->
        <test-method signature="loginQueue(java.lang.String, java.lang.String)[pri:1, instance:Queue.implementationLists@4b79ac84]" started-at="2022-05-14T00:19:34Z" name="loginQueue" data-provider="LoginData" finished-at="2022-05-14T00:19:36Z" duration-ms="2169" status="PASS">
          <params>
            <param index="0">
              <value>
                <![CDATA[Automat123]]>
              </value>
            </param>
            <param index="1">
              <value>
                <![CDATA[te5t@u5er]]>
              </value>
            </param>
          </params>
          <reporter-output>
            <line>
              <![CDATA[Taken the Screenshot successfully]]>
            </line>
            <line>
              <![CDATA[You are logged in Numpy Ninja home page]]>
            </line>
            <line>
              <![CDATA[You are logged into Queue page]]>
            </line>
          </reporter-output>
        </test-method> <!-- loginQueue -->
        <test-method signature="implementlists()[pri:2, instance:Queue.implementationLists@4b79ac84]" started-at="2022-05-14T00:19:36Z" name="implementlists" finished-at="2022-05-14T00:19:54Z" duration-ms="18064" status="PASS">
          <reporter-output>
            <line>
              <![CDATA[The Implementation lists page is displayed]]>
            </line>
            <line>
              <![CDATA[Alert OK button is selected using the Accept method successsfully]]>
            </line>
          </reporter-output>
        </test-method> <!-- implementlists -->
        <test-method is-config="true" signature="afterTest()[pri:0, instance:Queue.implementationLists@4b79ac84]" started-at="2022-05-14T00:19:54Z" name="afterTest" finished-at="2022-05-14T00:19:55Z" duration-ms="233" status="PASS">
          <reporter-output>
          </reporter-output>
        </test-method> <!-- afterTest -->
      </class> <!-- Queue.implementationLists -->
    </test> <!-- Default test -->
  </suite> <!-- Default suite -->
</testng-results>
