<?xml version="1.0" encoding="UTF-8"?>
<!-- Generated by org.testng.reporters.JUnitXMLReporter -->
<testsuite ignored="0" hostname="DESKTOP-SEFJLQC" failures="0" tests="2" name="EdgeTest" time="1.228" errors="0" timestamp="20 Apr 2022 02:10:02 GMT">
  <testcase classname="Testcases.CrossBrowserTests" name="@BeforeTest setup" time="0.023">
    <failure type="java.lang.Exception" message="Browser is not correct">
      <![CDATA[java.lang.Exception: Browser is not correct
at Testcases.CrossBrowserTests.setup(CrossBrowserTests.java:45)
at java.base/java.util.concurrent.FutureTask.run(FutureTask.java:264)
at java.base/java.util.concurrent.ThreadPoolExecutor.runWorker(ThreadPoolExecutor.java:1136)
at java.base/java.util.concurrent.ThreadPoolExecutor$Worker.run(ThreadPoolExecutor.java:635)
at java.base/java.lang.Thread.run(Thread.java:833)
... Removed 15 stack frames]]>
    </failure>
  </testcase> <!-- @BeforeTest setup -->
  <testcase classname="Testcases.Queue_PageFactory_TC" name="@AfterTest afterTest" time="0.0">
    <skipped/>
  </testcase> <!-- @AfterTest afterTest -->
  <testcase classname="Testcases.CrossBrowserTests" name="loginintoQueue" time="0.0">
    <skipped/>
  </testcase> <!-- loginintoQueue -->
  <testcase classname="Testcases.Queue_PageFactory_TC" name="Queuemodule" time="0.0">
    <skipped/>
  </testcase> <!-- Queuemodule -->
</testsuite> <!-- EdgeTest -->
